mode: set
capstone/be/delivery/controller/activity/activity.go:19.63,21.2 1 1
capstone/be/delivery/controller/activity/activity.go:23.70,24.36 1 1
capstone/be/delivery/controller/activity/activity.go:24.36,28.17 2 1
capstone/be/delivery/controller/activity/activity.go:33.3,33.85 1 1
capstone/be/delivery/controller/activity/activity.go:38.3,41.17 2 1
capstone/be/delivery/controller/activity/activity.go:45.3,45.81 1 1
capstone/be/delivery/controller/activity/activity.go:28.17,30.4 1 1
capstone/be/delivery/controller/activity/activity.go:33.85,35.4 1 1
capstone/be/delivery/controller/activity/activity.go:41.17,43.4 1 1
capstone/be/delivery/controller/activity/activity.go:49.78,50.36 1 1
capstone/be/delivery/controller/activity/activity.go:50.36,54.17 2 1
capstone/be/delivery/controller/activity/activity.go:59.3,59.85 1 1
capstone/be/delivery/controller/activity/activity.go:63.3,66.17 2 1
capstone/be/delivery/controller/activity/activity.go:71.3,74.17 2 1
capstone/be/delivery/controller/activity/activity.go:78.3,78.79 1 1
capstone/be/delivery/controller/activity/activity.go:54.17,56.4 1 1
capstone/be/delivery/controller/activity/activity.go:59.85,61.4 1 0
capstone/be/delivery/controller/activity/activity.go:66.17,68.4 1 1
capstone/be/delivery/controller/activity/activity.go:74.17,76.4 1 1
capstone/be/delivery/controller/activity/activity.go:82.69,83.36 1 1
capstone/be/delivery/controller/activity/activity.go:83.36,87.17 2 1
capstone/be/delivery/controller/activity/activity.go:92.3,92.85 1 1
capstone/be/delivery/controller/activity/activity.go:96.3,99.17 2 1
capstone/be/delivery/controller/activity/activity.go:103.3,106.47 2 1
capstone/be/delivery/controller/activity/activity.go:111.3,117.17 3 1
capstone/be/delivery/controller/activity/activity.go:121.3,123.17 2 1
capstone/be/delivery/controller/activity/activity.go:87.17,89.4 1 1
capstone/be/delivery/controller/activity/activity.go:92.85,94.4 1 1
capstone/be/delivery/controller/activity/activity.go:99.17,101.4 1 1
capstone/be/delivery/controller/activity/activity.go:106.47,108.4 1 0
capstone/be/delivery/controller/activity/activity.go:117.17,119.4 1 0
capstone/be/delivery/controller/activity/activity.go:124.17,125.48 1 1
capstone/be/delivery/controller/activity/activity.go:133.4,135.18 2 1
capstone/be/delivery/controller/activity/activity.go:139.4,142.96 3 1
capstone/be/delivery/controller/activity/activity.go:143.17,144.48 1 1
capstone/be/delivery/controller/activity/activity.go:152.4,154.18 2 0
capstone/be/delivery/controller/activity/activity.go:158.4,162.96 4 0
capstone/be/delivery/controller/activity/activity.go:163.11,164.111 1 1
capstone/be/delivery/controller/activity/activity.go:125.48,127.5 1 0
capstone/be/delivery/controller/activity/activity.go:127.10,127.58 1 1
capstone/be/delivery/controller/activity/activity.go:127.58,129.5 1 0
capstone/be/delivery/controller/activity/activity.go:129.10,129.62 1 1
capstone/be/delivery/controller/activity/activity.go:129.62,131.5 1 0
capstone/be/delivery/controller/activity/activity.go:135.18,137.5 1 0
capstone/be/delivery/controller/activity/activity.go:144.48,146.5 1 0
capstone/be/delivery/controller/activity/activity.go:146.10,146.58 1 1
capstone/be/delivery/controller/activity/activity.go:146.58,148.5 1 0
capstone/be/delivery/controller/activity/activity.go:148.10,148.63 1 1
capstone/be/delivery/controller/activity/activity.go:148.63,150.5 1 1
capstone/be/delivery/controller/activity/activity.go:154.18,156.5 1 0
capstone/be/delivery/controller/admin/admin.go:22.51,24.2 1 1
capstone/be/delivery/controller/admin/admin.go:26.64,27.36 1 1
capstone/be/delivery/controller/admin/admin.go:27.36,29.30 2 1
capstone/be/delivery/controller/admin/admin.go:34.3,36.14 2 1
capstone/be/delivery/controller/admin/admin.go:40.3,42.17 2 1
capstone/be/delivery/controller/admin/admin.go:47.3,49.15 2 1
capstone/be/delivery/controller/admin/admin.go:53.3,56.17 3 1
capstone/be/delivery/controller/admin/admin.go:62.3,64.19 2 1
capstone/be/delivery/controller/admin/admin.go:68.3,70.44 2 1
capstone/be/delivery/controller/admin/admin.go:74.3,78.21 3 1
capstone/be/delivery/controller/admin/admin.go:82.3,84.48 2 1
capstone/be/delivery/controller/admin/admin.go:88.3,96.21 4 1
capstone/be/delivery/controller/admin/admin.go:100.3,102.47 2 1
capstone/be/delivery/controller/admin/admin.go:105.3,110.18 3 1
capstone/be/delivery/controller/admin/admin.go:114.3,116.40 2 1
capstone/be/delivery/controller/admin/admin.go:119.3,124.35 4 1
capstone/be/delivery/controller/admin/admin.go:144.3,144.79 1 1
capstone/be/delivery/controller/admin/admin.go:29.30,31.4 1 1
capstone/be/delivery/controller/admin/admin.go:36.14,38.4 1 1
capstone/be/delivery/controller/admin/admin.go:42.17,44.4 1 1
capstone/be/delivery/controller/admin/admin.go:49.15,51.4 1 1
capstone/be/delivery/controller/admin/admin.go:56.17,58.4 1 1
capstone/be/delivery/controller/admin/admin.go:64.19,66.4 1 1
capstone/be/delivery/controller/admin/admin.go:70.44,72.4 1 1
capstone/be/delivery/controller/admin/admin.go:78.21,80.4 1 1
capstone/be/delivery/controller/admin/admin.go:84.48,86.4 1 1
capstone/be/delivery/controller/admin/admin.go:96.21,98.4 1 1
capstone/be/delivery/controller/admin/admin.go:102.47,104.4 1 1
capstone/be/delivery/controller/admin/admin.go:110.18,112.4 1 1
capstone/be/delivery/controller/admin/admin.go:116.40,118.4 1 1
capstone/be/delivery/controller/admin/admin.go:124.35,126.18 2 1
capstone/be/delivery/controller/admin/admin.go:126.18,129.5 2 1
capstone/be/delivery/controller/admin/admin.go:130.9,130.34 1 1
capstone/be/delivery/controller/admin/admin.go:130.34,132.18 2 1
capstone/be/delivery/controller/admin/admin.go:132.18,135.5 2 1
capstone/be/delivery/controller/admin/admin.go:136.9,138.18 2 1
capstone/be/delivery/controller/admin/admin.go:138.18,141.5 2 1
capstone/be/delivery/controller/admin/admin.go:148.66,149.36 1 1
capstone/be/delivery/controller/admin/admin.go:149.36,151.24 2 1
capstone/be/delivery/controller/admin/admin.go:155.3,157.17 3 1
capstone/be/delivery/controller/admin/admin.go:162.3,164.14 2 1
capstone/be/delivery/controller/admin/admin.go:168.3,170.17 2 1
capstone/be/delivery/controller/admin/admin.go:175.3,177.15 2 1
capstone/be/delivery/controller/admin/admin.go:181.3,183.17 3 1
capstone/be/delivery/controller/admin/admin.go:188.3,191.19 2 1
capstone/be/delivery/controller/admin/admin.go:195.3,197.44 2 1
capstone/be/delivery/controller/admin/admin.go:201.3,209.21 4 1
capstone/be/delivery/controller/admin/admin.go:213.3,215.47 2 1
capstone/be/delivery/controller/admin/admin.go:218.3,223.18 3 1
capstone/be/delivery/controller/admin/admin.go:227.3,229.40 2 1
capstone/be/delivery/controller/admin/admin.go:232.3,236.27 4 1
capstone/be/delivery/controller/admin/admin.go:250.3,250.79 1 1
capstone/be/delivery/controller/admin/admin.go:151.24,153.4 1 1
capstone/be/delivery/controller/admin/admin.go:157.17,159.4 1 0
capstone/be/delivery/controller/admin/admin.go:164.14,166.4 1 1
capstone/be/delivery/controller/admin/admin.go:170.17,172.4 1 1
capstone/be/delivery/controller/admin/admin.go:177.15,179.4 1 1
capstone/be/delivery/controller/admin/admin.go:183.17,185.4 1 1
capstone/be/delivery/controller/admin/admin.go:191.19,193.4 1 1
capstone/be/delivery/controller/admin/admin.go:197.44,199.4 1 1
capstone/be/delivery/controller/admin/admin.go:209.21,211.4 1 1
capstone/be/delivery/controller/admin/admin.go:215.47,217.4 1 1
capstone/be/delivery/controller/admin/admin.go:223.18,225.4 1 1
capstone/be/delivery/controller/admin/admin.go:229.40,231.4 1 1
capstone/be/delivery/controller/admin/admin.go:236.27,238.18 2 1
capstone/be/delivery/controller/admin/admin.go:238.18,241.5 2 1
capstone/be/delivery/controller/admin/admin.go:242.9,244.18 2 1
capstone/be/delivery/controller/admin/admin.go:244.18,247.5 2 1
capstone/be/delivery/controller/admin/admin.go:254.60,255.36 1 1
capstone/be/delivery/controller/admin/admin.go:255.36,257.25 2 1
capstone/be/delivery/controller/admin/admin.go:262.3,264.14 2 1
capstone/be/delivery/controller/admin/admin.go:268.3,270.17 2 1
capstone/be/delivery/controller/admin/admin.go:275.3,277.15 2 1
capstone/be/delivery/controller/admin/admin.go:281.3,283.17 3 1
capstone/be/delivery/controller/admin/admin.go:288.3,291.19 2 1
capstone/be/delivery/controller/admin/admin.go:295.3,297.44 2 1
capstone/be/delivery/controller/admin/admin.go:301.3,309.21 4 1
capstone/be/delivery/controller/admin/admin.go:313.3,315.47 2 1
capstone/be/delivery/controller/admin/admin.go:318.3,323.18 3 1
capstone/be/delivery/controller/admin/admin.go:327.3,329.40 2 1
capstone/be/delivery/controller/admin/admin.go:332.3,335.17 3 1
capstone/be/delivery/controller/admin/admin.go:340.3,340.86 1 1
capstone/be/delivery/controller/admin/admin.go:257.25,259.4 1 1
capstone/be/delivery/controller/admin/admin.go:264.14,266.4 1 1
capstone/be/delivery/controller/admin/admin.go:270.17,272.4 1 1
capstone/be/delivery/controller/admin/admin.go:277.15,279.4 1 1
capstone/be/delivery/controller/admin/admin.go:283.17,285.4 1 1
capstone/be/delivery/controller/admin/admin.go:291.19,293.4 1 1
capstone/be/delivery/controller/admin/admin.go:297.44,299.4 1 1
capstone/be/delivery/controller/admin/admin.go:309.21,311.4 1 1
capstone/be/delivery/controller/admin/admin.go:315.47,317.4 1 1
capstone/be/delivery/controller/admin/admin.go:323.18,325.4 1 1
capstone/be/delivery/controller/admin/admin.go:329.40,331.4 1 1
capstone/be/delivery/controller/admin/admin.go:335.17,338.4 2 1
capstone/be/delivery/controller/history/history.go:18.59,20.2 1 1
capstone/be/delivery/controller/history/history.go:22.75,23.36 1 1
capstone/be/delivery/controller/history/history.go:23.36,27.17 2 1
capstone/be/delivery/controller/history/history.go:32.3,32.85 1 1
capstone/be/delivery/controller/history/history.go:37.3,38.14 2 1
capstone/be/delivery/controller/history/history.go:42.3,45.17 2 1
capstone/be/delivery/controller/history/history.go:50.3,53.17 2 1
capstone/be/delivery/controller/history/history.go:57.3,57.93 1 1
capstone/be/delivery/controller/history/history.go:27.17,29.4 1 0
capstone/be/delivery/controller/history/history.go:32.85,34.4 1 1
capstone/be/delivery/controller/history/history.go:38.14,40.4 1 1
capstone/be/delivery/controller/history/history.go:45.17,47.4 1 0
capstone/be/delivery/controller/history/history.go:53.17,55.4 1 1
capstone/be/delivery/controller/history/history.go:61.83,62.36 1 1
capstone/be/delivery/controller/history/history.go:62.36,66.17 2 1
capstone/be/delivery/controller/history/history.go:71.3,71.85 1 1
capstone/be/delivery/controller/history/history.go:75.3,78.17 2 1
capstone/be/delivery/controller/history/history.go:83.3,86.17 2 1
capstone/be/delivery/controller/history/history.go:90.3,90.84 1 1
capstone/be/delivery/controller/history/history.go:66.17,68.4 1 1
capstone/be/delivery/controller/history/history.go:71.85,73.4 1 1
capstone/be/delivery/controller/history/history.go:78.17,80.4 1 1
capstone/be/delivery/controller/history/history.go:86.17,88.4 1 1
capstone/be/delivery/controller/history/history.go:94.74,95.36 1 1
capstone/be/delivery/controller/history/history.go:95.36,102.17 3 1
capstone/be/delivery/controller/history/history.go:106.3,106.80 1 1
capstone/be/delivery/controller/history/history.go:102.17,104.4 1 1
capstone/be/delivery/controller/asset/asset.go:27.51,29.2 1 1
capstone/be/delivery/controller/asset/asset.go:31.53,32.36 1 1
capstone/be/delivery/controller/asset/asset.go:32.36,34.65 1 1
capstone/be/delivery/controller/asset/asset.go:38.3,41.44 2 1
capstone/be/delivery/controller/asset/asset.go:46.3,53.27 5 1
capstone/be/delivery/controller/asset/asset.go:66.3,66.30 1 1
capstone/be/delivery/controller/asset/asset.go:71.3,79.17 5 1
capstone/be/delivery/controller/asset/asset.go:83.3,88.33 4 1
capstone/be/delivery/controller/asset/asset.go:95.3,98.14 2 1
capstone/be/delivery/controller/asset/asset.go:123.3,123.44 1 1
capstone/be/delivery/controller/asset/asset.go:135.3,135.62 1 1
capstone/be/delivery/controller/asset/asset.go:34.65,36.4 1 1
capstone/be/delivery/controller/asset/asset.go:41.44,43.4 1 1
capstone/be/delivery/controller/asset/asset.go:53.27,55.15 1 1
capstone/be/delivery/controller/asset/asset.go:60.4,60.54 1 1
capstone/be/delivery/controller/asset/asset.go:55.15,57.5 1 1
capstone/be/delivery/controller/asset/asset.go:60.54,62.5 1 1
capstone/be/delivery/controller/asset/asset.go:66.30,68.4 1 1
capstone/be/delivery/controller/asset/asset.go:79.17,81.4 1 1
capstone/be/delivery/controller/asset/asset.go:88.33,90.4 1 0
capstone/be/delivery/controller/asset/asset.go:90.9,92.4 1 1
capstone/be/delivery/controller/asset/asset.go:99.12,107.18 4 0
capstone/be/delivery/controller/asset/asset.go:111.4,111.33 1 0
capstone/be/delivery/controller/asset/asset.go:112.28,114.47 2 0
capstone/be/delivery/controller/asset/asset.go:115.29,117.47 2 1
capstone/be/delivery/controller/asset/asset.go:118.11,120.113 2 0
capstone/be/delivery/controller/asset/asset.go:107.18,109.5 1 0
capstone/be/delivery/controller/asset/asset.go:123.44,130.18 3 1
capstone/be/delivery/controller/asset/asset.go:130.18,132.5 1 0
capstone/be/delivery/controller/asset/asset.go:139.53,140.36 1 1
capstone/be/delivery/controller/asset/asset.go:140.36,144.21 2 1
capstone/be/delivery/controller/asset/asset.go:148.3,150.50 2 1
capstone/be/delivery/controller/asset/asset.go:154.3,158.19 3 1
capstone/be/delivery/controller/asset/asset.go:162.3,164.46 2 1
capstone/be/delivery/controller/asset/asset.go:168.3,174.17 3 1
capstone/be/delivery/controller/asset/asset.go:178.3,178.69 1 1
capstone/be/delivery/controller/asset/asset.go:144.21,146.4 1 1
capstone/be/delivery/controller/asset/asset.go:150.50,152.4 1 0
capstone/be/delivery/controller/asset/asset.go:158.19,160.4 1 1
capstone/be/delivery/controller/asset/asset.go:164.46,166.4 1 0
capstone/be/delivery/controller/asset/asset.go:174.17,176.4 1 1
capstone/be/delivery/controller/asset/asset.go:182.61,183.36 1 1
capstone/be/delivery/controller/asset/asset.go:183.36,190.17 3 1
capstone/be/delivery/controller/asset/asset.go:194.3,194.90 1 1
capstone/be/delivery/controller/asset/asset.go:190.17,192.4 1 1
capstone/be/delivery/controller/asset/asset.go:198.53,199.36 1 1
capstone/be/delivery/controller/asset/asset.go:199.36,202.65 2 1
capstone/be/delivery/controller/asset/asset.go:206.3,209.45 2 1
capstone/be/delivery/controller/asset/asset.go:214.3,214.34 1 1
capstone/be/delivery/controller/asset/asset.go:227.3,230.17 2 0
capstone/be/delivery/controller/asset/asset.go:234.3,234.62 1 0
capstone/be/delivery/controller/asset/asset.go:202.65,204.4 1 1
capstone/be/delivery/controller/asset/asset.go:209.45,212.4 2 1
capstone/be/delivery/controller/asset/asset.go:214.34,219.18 2 1
capstone/be/delivery/controller/asset/asset.go:223.4,223.63 1 1
capstone/be/delivery/controller/asset/asset.go:219.18,221.5 1 1
capstone/be/delivery/controller/asset/asset.go:230.17,232.4 1 0
capstone/be/delivery/controller/asset/asset.go:238.55,239.36 1 1
capstone/be/delivery/controller/asset/asset.go:239.36,244.17 2 1
capstone/be/delivery/controller/asset/asset.go:248.3,248.69 1 1
capstone/be/delivery/controller/asset/asset.go:244.17,246.4 1 1
capstone/be/delivery/controller/request/request.go:22.59,24.2 1 1
capstone/be/delivery/controller/request/request.go:26.55,27.36 1 1
capstone/be/delivery/controller/request/request.go:27.36,31.41 2 1
capstone/be/delivery/controller/request/request.go:36.3,41.22 3 1
capstone/be/delivery/controller/request/request.go:46.3,48.27 2 1
capstone/be/delivery/controller/request/request.go:56.3,63.15 5 1
capstone/be/delivery/controller/request/request.go:31.41,33.4 1 1
capstone/be/delivery/controller/request/request.go:41.22,43.4 1 1
capstone/be/delivery/controller/request/request.go:48.27,50.54 1 1
capstone/be/delivery/controller/request/request.go:50.54,52.5 1 0
capstone/be/delivery/controller/request/request.go:64.24,66.42 1 1
capstone/be/delivery/controller/request/request.go:70.4,78.18 5 1
capstone/be/delivery/controller/request/request.go:82.4,82.97 1 1
capstone/be/delivery/controller/request/request.go:83.19,91.62 5 1
capstone/be/delivery/controller/request/request.go:95.4,95.97 1 1
capstone/be/delivery/controller/request/request.go:96.11,97.127 1 1
capstone/be/delivery/controller/request/request.go:66.42,68.5 1 1
capstone/be/delivery/controller/request/request.go:78.18,80.5 1 1
capstone/be/delivery/controller/request/request.go:91.62,93.5 1 1
capstone/be/delivery/controller/request/request.go:102.56,103.36 1 1
capstone/be/delivery/controller/request/request.go:103.36,105.63 1 1
capstone/be/delivery/controller/request/request.go:109.3,112.41 2 1
capstone/be/delivery/controller/request/request.go:117.3,123.27 4 1
capstone/be/delivery/controller/request/request.go:136.3,146.14 7 1
capstone/be/delivery/controller/request/request.go:168.3,176.17 5 1
capstone/be/delivery/controller/request/request.go:180.3,180.96 1 1
capstone/be/delivery/controller/request/request.go:105.63,107.4 1 1
capstone/be/delivery/controller/request/request.go:112.41,114.4 1 1
capstone/be/delivery/controller/request/request.go:123.27,125.15 1 1
capstone/be/delivery/controller/request/request.go:130.4,130.54 1 1
capstone/be/delivery/controller/request/request.go:125.15,127.5 1 1
capstone/be/delivery/controller/request/request.go:130.54,132.5 1 0
capstone/be/delivery/controller/request/request.go:147.12,154.18 3 0
capstone/be/delivery/controller/request/request.go:158.4,158.25 1 0
capstone/be/delivery/controller/request/request.go:159.28,160.39 1 0
capstone/be/delivery/controller/request/request.go:161.29,162.39 1 1
capstone/be/delivery/controller/request/request.go:163.11,165.113 2 0
capstone/be/delivery/controller/request/request.go:154.18,156.5 1 0
capstone/be/delivery/controller/request/request.go:176.17,178.4 1 1
capstone/be/delivery/controller/request/request.go:184.62,185.36 1 1
capstone/be/delivery/controller/request/request.go:185.36,187.25 2 1
capstone/be/delivery/controller/request/request.go:191.3,193.17 2 1
capstone/be/delivery/controller/request/request.go:198.3,200.17 2 1
capstone/be/delivery/controller/request/request.go:203.3,203.74 1 1
capstone/be/delivery/controller/request/request.go:187.25,189.4 1 1
capstone/be/delivery/controller/request/request.go:193.17,195.4 1 1
capstone/be/delivery/controller/request/request.go:200.17,202.4 1 1
capstone/be/delivery/controller/request/request.go:207.63,208.36 1 1
capstone/be/delivery/controller/request/request.go:208.36,210.25 2 1
capstone/be/delivery/controller/request/request.go:214.3,216.17 2 1
capstone/be/delivery/controller/request/request.go:221.3,223.17 2 1
capstone/be/delivery/controller/request/request.go:226.3,226.75 1 1
capstone/be/delivery/controller/request/request.go:210.25,212.4 1 1
capstone/be/delivery/controller/request/request.go:216.17,218.4 1 1
capstone/be/delivery/controller/request/request.go:223.17,225.4 1 1
capstone/be/delivery/controller/request/request.go:230.61,231.36 1 1
capstone/be/delivery/controller/request/request.go:231.36,235.17 2 1
capstone/be/delivery/controller/request/request.go:240.3,242.17 2 1
capstone/be/delivery/controller/request/request.go:246.3,249.44 2 1
capstone/be/delivery/controller/request/request.go:254.3,257.15 3 1
capstone/be/delivery/controller/request/request.go:235.17,237.4 1 1
capstone/be/delivery/controller/request/request.go:242.17,244.4 1 1
capstone/be/delivery/controller/request/request.go:249.44,251.4 1 1
capstone/be/delivery/controller/request/request.go:258.18,266.18 2 1
capstone/be/delivery/controller/request/request.go:271.4,273.18 2 1
capstone/be/delivery/controller/request/request.go:278.4,278.27 1 1
capstone/be/delivery/controller/request/request.go:283.4,283.57 1 1
capstone/be/delivery/controller/request/request.go:288.4,288.26 1 1
capstone/be/delivery/controller/request/request.go:295.4,298.18 2 1
capstone/be/delivery/controller/request/request.go:302.4,302.97 1 1
capstone/be/delivery/controller/request/request.go:303.24,309.98 1 1
capstone/be/delivery/controller/request/request.go:314.4,314.47 1 1
capstone/be/delivery/controller/request/request.go:338.4,341.18 2 1
capstone/be/delivery/controller/request/request.go:345.4,345.97 1 1
capstone/be/delivery/controller/request/request.go:347.11,349.125 1 1
capstone/be/delivery/controller/request/request.go:266.18,268.5 1 0
capstone/be/delivery/controller/request/request.go:273.18,275.5 1 0
capstone/be/delivery/controller/request/request.go:278.27,280.5 1 0
capstone/be/delivery/controller/request/request.go:283.57,285.5 1 0
capstone/be/delivery/controller/request/request.go:288.26,290.5 1 1
capstone/be/delivery/controller/request/request.go:290.10,292.5 1 1
capstone/be/delivery/controller/request/request.go:298.18,300.5 1 0
capstone/be/delivery/controller/request/request.go:309.98,311.5 1 0
capstone/be/delivery/controller/request/request.go:314.47,315.27 1 0
capstone/be/delivery/controller/request/request.go:315.27,318.6 2 0
capstone/be/delivery/controller/request/request.go:318.11,320.6 1 0
capstone/be/delivery/controller/request/request.go:321.10,321.94 1 1
capstone/be/delivery/controller/request/request.go:321.94,322.27 1 1
capstone/be/delivery/controller/request/request.go:322.27,325.6 2 1
capstone/be/delivery/controller/request/request.go:325.11,327.6 1 1
capstone/be/delivery/controller/request/request.go:328.10,328.94 1 0
capstone/be/delivery/controller/request/request.go:328.94,329.27 1 0
capstone/be/delivery/controller/request/request.go:329.27,332.6 2 0
capstone/be/delivery/controller/request/request.go:332.11,334.6 1 0
capstone/be/delivery/controller/request/request.go:341.18,343.5 1 0
capstone/be/delivery/controller/request/request.go:354.62,355.36 1 1
capstone/be/delivery/controller/request/request.go:355.36,359.17 2 1
capstone/be/delivery/controller/request/request.go:364.3,364.57 1 1
capstone/be/delivery/controller/request/request.go:368.3,371.44 2 1
capstone/be/delivery/controller/request/request.go:376.3,378.17 2 1
capstone/be/delivery/controller/request/request.go:383.3,383.56 1 1
capstone/be/delivery/controller/request/request.go:388.3,388.25 1 1
capstone/be/delivery/controller/request/request.go:395.3,398.17 2 1
capstone/be/delivery/controller/request/request.go:402.3,402.96 1 1
capstone/be/delivery/controller/request/request.go:359.17,361.4 1 1
capstone/be/delivery/controller/request/request.go:364.57,366.4 1 1
capstone/be/delivery/controller/request/request.go:371.44,373.4 1 1
capstone/be/delivery/controller/request/request.go:378.17,380.4 1 1
capstone/be/delivery/controller/request/request.go:383.56,385.4 1 1
capstone/be/delivery/controller/request/request.go:388.25,390.4 1 1
capstone/be/delivery/controller/request/request.go:390.9,392.4 1 0
capstone/be/delivery/controller/request/request.go:398.17,400.4 1 0
capstone/be/delivery/controller/request/request.go:406.60,407.36 1 1
capstone/be/delivery/controller/request/request.go:407.36,411.17 2 1
capstone/be/delivery/controller/request/request.go:416.3,416.63 1 1
capstone/be/delivery/controller/request/request.go:420.3,423.38 2 1
capstone/be/delivery/controller/request/request.go:428.3,430.17 2 1
capstone/be/delivery/controller/request/request.go:435.3,435.76 1 1
capstone/be/delivery/controller/request/request.go:454.3,454.95 1 1
capstone/be/delivery/controller/request/request.go:411.17,413.4 1 1
capstone/be/delivery/controller/request/request.go:416.63,418.4 1 1
capstone/be/delivery/controller/request/request.go:423.38,425.4 1 1
capstone/be/delivery/controller/request/request.go:430.17,432.4 1 1
capstone/be/delivery/controller/request/request.go:435.76,437.24 1 1
capstone/be/delivery/controller/request/request.go:444.4,447.18 2 1
capstone/be/delivery/controller/request/request.go:437.24,439.5 1 1
capstone/be/delivery/controller/request/request.go:439.10,441.5 1 1
capstone/be/delivery/controller/request/request.go:447.18,449.5 1 0
capstone/be/delivery/controller/request/request.go:450.9,452.4 1 0
capstone/be/delivery/controller/user/user.go:22.47,24.2 1 1
capstone/be/delivery/controller/user/user.go:26.51,27.36 1 1
capstone/be/delivery/controller/user/user.go:27.36,31.44 2 1
capstone/be/delivery/controller/user/user.go:36.3,42.27 4 1
capstone/be/delivery/controller/user/user.go:54.3,57.58 2 1
capstone/be/delivery/controller/user/user.go:82.3,82.101 1 1
capstone/be/delivery/controller/user/user.go:87.3,90.17 2 1
capstone/be/delivery/controller/user/user.go:94.3,94.80 1 1
capstone/be/delivery/controller/user/user.go:31.44,33.4 1 1
capstone/be/delivery/controller/user/user.go:42.27,44.15 1 1
capstone/be/delivery/controller/user/user.go:49.4,49.54 1 1
capstone/be/delivery/controller/user/user.go:44.15,46.5 1 1
capstone/be/delivery/controller/user/user.go:49.54,51.5 1 1
capstone/be/delivery/controller/user/user.go:57.58,62.18 2 1
capstone/be/delivery/controller/user/user.go:66.4,66.21 1 1
capstone/be/delivery/controller/user/user.go:62.18,64.5 1 1
capstone/be/delivery/controller/user/user.go:67.9,67.64 1 1
capstone/be/delivery/controller/user/user.go:67.64,72.18 2 1
capstone/be/delivery/controller/user/user.go:76.4,76.21 1 1
capstone/be/delivery/controller/user/user.go:72.18,74.5 1 1
capstone/be/delivery/controller/user/user.go:77.9,79.4 1 1
capstone/be/delivery/controller/user/user.go:82.101,84.4 1 0
capstone/be/delivery/controller/user/user.go:90.17,92.4 1 0
capstone/be/delivery/controller/user/user.go:98.52,99.36 1 1
capstone/be/delivery/controller/user/user.go:99.36,101.49 1 1
capstone/be/delivery/controller/user/user.go:106.3,109.17 2 1
capstone/be/delivery/controller/user/user.go:113.3,113.67 1 1
capstone/be/delivery/controller/user/user.go:101.49,103.4 1 0
capstone/be/delivery/controller/user/user.go:109.17,111.4 1 1
capstone/be/delivery/controller/user/user.go:117.53,118.36 1 1
capstone/be/delivery/controller/user/user.go:118.36,122.17 2 1
capstone/be/delivery/controller/user/user.go:127.3,127.34 1 1
capstone/be/delivery/controller/user/user.go:132.3,135.17 2 1
capstone/be/delivery/controller/user/user.go:139.3,139.66 1 1
capstone/be/delivery/controller/user/user.go:122.17,124.4 1 1
capstone/be/delivery/controller/user/user.go:127.34,129.4 1 1
capstone/be/delivery/controller/user/user.go:135.17,137.4 1 1
capstone/be/delivery/controller/user/user.go:143.52,144.36 1 1
capstone/be/delivery/controller/user/user.go:144.36,148.17 2 1
capstone/be/delivery/controller/user/user.go:153.3,153.34 1 1
capstone/be/delivery/controller/user/user.go:157.3,160.43 2 1
capstone/be/delivery/controller/user/user.go:165.3,177.17 9 1
capstone/be/delivery/controller/user/user.go:182.3,182.21 1 1
capstone/be/delivery/controller/user/user.go:192.3,192.17 1 1
capstone/be/delivery/controller/user/user.go:202.3,202.18 1 1
capstone/be/delivery/controller/user/user.go:217.3,217.18 1 1
capstone/be/delivery/controller/user/user.go:232.3,232.21 1 1
capstone/be/delivery/controller/user/user.go:255.3,255.19 1 1
capstone/be/delivery/controller/user/user.go:269.3,269.20 1 1
capstone/be/delivery/controller/user/user.go:279.3,282.14 2 1
capstone/be/delivery/controller/user/user.go:316.3,322.17 3 1
capstone/be/delivery/controller/user/user.go:326.3,326.72 1 1
capstone/be/delivery/controller/user/user.go:148.17,150.4 1 1
capstone/be/delivery/controller/user/user.go:153.34,155.4 1 0
capstone/be/delivery/controller/user/user.go:160.43,162.4 1 1
capstone/be/delivery/controller/user/user.go:177.17,179.4 1 1
capstone/be/delivery/controller/user/user.go:182.21,184.61 1 1
capstone/be/delivery/controller/user/user.go:188.4,188.38 1 1
capstone/be/delivery/controller/user/user.go:184.61,186.5 1 1
capstone/be/delivery/controller/user/user.go:192.17,194.57 1 1
capstone/be/delivery/controller/user/user.go:198.4,198.30 1 1
capstone/be/delivery/controller/user/user.go:194.57,196.5 1 1
capstone/be/delivery/controller/user/user.go:202.18,204.58 1 1
capstone/be/delivery/controller/user/user.go:209.4,209.59 1 1
capstone/be/delivery/controller/user/user.go:213.4,213.32 1 1
capstone/be/delivery/controller/user/user.go:204.58,206.5 1 1
capstone/be/delivery/controller/user/user.go:209.59,211.5 1 1
capstone/be/delivery/controller/user/user.go:217.18,219.58 1 1
capstone/be/delivery/controller/user/user.go:224.4,224.59 1 1
capstone/be/delivery/controller/user/user.go:228.4,228.32 1 1
capstone/be/delivery/controller/user/user.go:219.58,221.5 1 1
capstone/be/delivery/controller/user/user.go:224.59,226.5 1 1
capstone/be/delivery/controller/user/user.go:232.21,234.61 1 1
capstone/be/delivery/controller/user/user.go:239.4,239.65 1 1
capstone/be/delivery/controller/user/user.go:244.4,247.18 2 1
capstone/be/delivery/controller/user/user.go:251.4,251.52 1 1
capstone/be/delivery/controller/user/user.go:234.61,236.5 1 1
capstone/be/delivery/controller/user/user.go:239.65,241.5 1 1
capstone/be/delivery/controller/user/user.go:247.18,249.5 1 0
capstone/be/delivery/controller/user/user.go:255.19,257.59 1 1
capstone/be/delivery/controller/user/user.go:261.4,261.46 1 1
capstone/be/delivery/controller/user/user.go:265.4,265.34 1 1
capstone/be/delivery/controller/user/user.go:257.59,259.5 1 1
capstone/be/delivery/controller/user/user.go:261.46,263.5 1 0
capstone/be/delivery/controller/user/user.go:269.20,271.60 1 1
capstone/be/delivery/controller/user/user.go:275.4,275.36 1 0
capstone/be/delivery/controller/user/user.go:271.60,273.5 1 1
capstone/be/delivery/controller/user/user.go:283.12,290.18 3 0
capstone/be/delivery/controller/user/user.go:295.4,297.40 2 0
capstone/be/delivery/controller/user/user.go:304.4,304.34 1 0
capstone/be/delivery/controller/user/user.go:305.28,307.34 2 0
capstone/be/delivery/controller/user/user.go:308.29,310.34 2 1
capstone/be/delivery/controller/user/user.go:311.11,313.114 2 0
capstone/be/delivery/controller/user/user.go:290.18,292.5 1 0
capstone/be/delivery/controller/user/user.go:297.40,299.56 1 0
capstone/be/delivery/controller/user/user.go:299.56,301.6 1 0
capstone/be/delivery/controller/user/user.go:322.17,324.4 1 0
