mode: set
capstone/be/delivery/controller/activity/activity.go:19.63,21.2 1 1
capstone/be/delivery/controller/activity/activity.go:23.70,24.36 1 1
capstone/be/delivery/controller/activity/activity.go:24.36,28.17 2 1
capstone/be/delivery/controller/activity/activity.go:33.3,33.85 1 1
capstone/be/delivery/controller/activity/activity.go:38.3,41.17 2 1
capstone/be/delivery/controller/activity/activity.go:45.3,45.81 1 1
capstone/be/delivery/controller/activity/activity.go:28.17,30.4 1 1
capstone/be/delivery/controller/activity/activity.go:33.85,35.4 1 1
capstone/be/delivery/controller/activity/activity.go:41.17,43.4 1 1
capstone/be/delivery/controller/activity/activity.go:49.78,50.36 1 1
capstone/be/delivery/controller/activity/activity.go:50.36,54.17 2 1
capstone/be/delivery/controller/activity/activity.go:59.3,59.85 1 1
capstone/be/delivery/controller/activity/activity.go:63.3,66.17 2 1
capstone/be/delivery/controller/activity/activity.go:71.3,74.17 2 1
capstone/be/delivery/controller/activity/activity.go:78.3,78.79 1 1
capstone/be/delivery/controller/activity/activity.go:54.17,56.4 1 1
capstone/be/delivery/controller/activity/activity.go:59.85,61.4 1 0
capstone/be/delivery/controller/activity/activity.go:66.17,68.4 1 1
capstone/be/delivery/controller/activity/activity.go:74.17,76.4 1 1
capstone/be/delivery/controller/activity/activity.go:82.69,83.36 1 1
capstone/be/delivery/controller/activity/activity.go:83.36,87.17 2 1
capstone/be/delivery/controller/activity/activity.go:92.3,92.85 1 1
capstone/be/delivery/controller/activity/activity.go:96.3,99.17 2 1
capstone/be/delivery/controller/activity/activity.go:103.3,106.47 2 1
capstone/be/delivery/controller/activity/activity.go:111.3,117.17 3 1
capstone/be/delivery/controller/activity/activity.go:121.3,123.17 2 1
capstone/be/delivery/controller/activity/activity.go:87.17,89.4 1 1
capstone/be/delivery/controller/activity/activity.go:92.85,94.4 1 1
capstone/be/delivery/controller/activity/activity.go:99.17,101.4 1 1
capstone/be/delivery/controller/activity/activity.go:106.47,108.4 1 0
capstone/be/delivery/controller/activity/activity.go:117.17,119.4 1 0
capstone/be/delivery/controller/activity/activity.go:124.17,125.48 1 1
capstone/be/delivery/controller/activity/activity.go:133.4,135.18 2 1
capstone/be/delivery/controller/activity/activity.go:139.4,142.96 3 1
capstone/be/delivery/controller/activity/activity.go:143.17,144.48 1 1
capstone/be/delivery/controller/activity/activity.go:152.4,154.18 2 0
capstone/be/delivery/controller/activity/activity.go:158.4,162.96 4 0
capstone/be/delivery/controller/activity/activity.go:163.11,164.111 1 1
capstone/be/delivery/controller/activity/activity.go:125.48,127.5 1 0
capstone/be/delivery/controller/activity/activity.go:127.10,127.58 1 1
capstone/be/delivery/controller/activity/activity.go:127.58,129.5 1 0
capstone/be/delivery/controller/activity/activity.go:129.10,129.116 1 1
capstone/be/delivery/controller/activity/activity.go:129.116,131.5 1 0
capstone/be/delivery/controller/activity/activity.go:135.18,137.5 1 0
capstone/be/delivery/controller/activity/activity.go:144.48,146.5 1 0
capstone/be/delivery/controller/activity/activity.go:146.10,146.58 1 1
capstone/be/delivery/controller/activity/activity.go:146.58,148.5 1 0
capstone/be/delivery/controller/activity/activity.go:148.10,148.63 1 1
capstone/be/delivery/controller/activity/activity.go:148.63,150.5 1 1
capstone/be/delivery/controller/activity/activity.go:154.18,156.5 1 0
capstone/be/delivery/controller/admin/admin.go:21.51,23.2 1 1
capstone/be/delivery/controller/admin/admin.go:25.58,26.36 1 1
capstone/be/delivery/controller/admin/admin.go:26.36,28.30 2 1
capstone/be/delivery/controller/admin/admin.go:33.3,35.14 2 1
capstone/be/delivery/controller/admin/admin.go:39.3,41.17 2 1
capstone/be/delivery/controller/admin/admin.go:46.3,48.15 2 1
capstone/be/delivery/controller/admin/admin.go:52.3,54.17 2 1
capstone/be/delivery/controller/admin/admin.go:60.3,62.19 2 1
capstone/be/delivery/controller/admin/admin.go:67.3,67.39 1 1
capstone/be/delivery/controller/admin/admin.go:71.3,73.44 2 1
capstone/be/delivery/controller/admin/admin.go:77.3,85.41 4 1
capstone/be/delivery/controller/admin/admin.go:90.3,90.21 1 1
capstone/be/delivery/controller/admin/admin.go:94.3,96.47 2 1
capstone/be/delivery/controller/admin/admin.go:99.3,101.17 3 1
capstone/be/delivery/controller/admin/admin.go:106.3,106.79 1 1
capstone/be/delivery/controller/admin/admin.go:28.30,30.4 1 1
capstone/be/delivery/controller/admin/admin.go:35.14,37.4 1 1
capstone/be/delivery/controller/admin/admin.go:41.17,43.4 1 1
capstone/be/delivery/controller/admin/admin.go:48.15,50.4 1 1
capstone/be/delivery/controller/admin/admin.go:54.17,56.4 1 1
capstone/be/delivery/controller/admin/admin.go:62.19,64.4 1 1
capstone/be/delivery/controller/admin/admin.go:67.39,69.4 1 0
capstone/be/delivery/controller/admin/admin.go:73.44,75.4 1 1
capstone/be/delivery/controller/admin/admin.go:85.41,87.4 1 0
capstone/be/delivery/controller/admin/admin.go:90.21,92.4 1 1
capstone/be/delivery/controller/admin/admin.go:96.47,98.4 1 1
capstone/be/delivery/controller/admin/admin.go:101.17,104.4 2 1
capstone/be/delivery/controller/admin/admin.go:110.66,111.36 1 1
capstone/be/delivery/controller/admin/admin.go:111.36,113.24 2 1
capstone/be/delivery/controller/admin/admin.go:117.3,119.17 3 1
capstone/be/delivery/controller/admin/admin.go:124.3,126.14 2 1
capstone/be/delivery/controller/admin/admin.go:130.3,132.17 2 1
capstone/be/delivery/controller/admin/admin.go:137.3,139.15 2 1
capstone/be/delivery/controller/admin/admin.go:143.3,145.17 2 1
capstone/be/delivery/controller/admin/admin.go:150.3,153.19 2 1
capstone/be/delivery/controller/admin/admin.go:158.3,158.39 1 1
capstone/be/delivery/controller/admin/admin.go:162.3,164.44 2 1
capstone/be/delivery/controller/admin/admin.go:168.3,176.41 4 1
capstone/be/delivery/controller/admin/admin.go:181.3,181.21 1 1
capstone/be/delivery/controller/admin/admin.go:185.3,187.47 2 1
capstone/be/delivery/controller/admin/admin.go:190.3,193.17 3 1
capstone/be/delivery/controller/admin/admin.go:198.3,198.79 1 1
capstone/be/delivery/controller/admin/admin.go:113.24,115.4 1 1
capstone/be/delivery/controller/admin/admin.go:119.17,121.4 1 0
capstone/be/delivery/controller/admin/admin.go:126.14,128.4 1 1
capstone/be/delivery/controller/admin/admin.go:132.17,134.4 1 1
capstone/be/delivery/controller/admin/admin.go:139.15,141.4 1 1
capstone/be/delivery/controller/admin/admin.go:145.17,147.4 1 1
capstone/be/delivery/controller/admin/admin.go:153.19,155.4 1 1
capstone/be/delivery/controller/admin/admin.go:158.39,160.4 1 0
capstone/be/delivery/controller/admin/admin.go:164.44,166.4 1 1
capstone/be/delivery/controller/admin/admin.go:176.41,178.4 1 0
capstone/be/delivery/controller/admin/admin.go:181.21,183.4 1 1
capstone/be/delivery/controller/admin/admin.go:187.47,189.4 1 1
capstone/be/delivery/controller/admin/admin.go:193.17,196.4 2 1
capstone/be/delivery/controller/admin/admin.go:202.67,203.36 1 1
capstone/be/delivery/controller/admin/admin.go:203.36,205.24 2 1
capstone/be/delivery/controller/admin/admin.go:210.3,212.14 2 1
capstone/be/delivery/controller/admin/admin.go:216.3,218.17 2 1
capstone/be/delivery/controller/admin/admin.go:223.3,225.15 2 1
capstone/be/delivery/controller/admin/admin.go:229.3,231.17 2 1
capstone/be/delivery/controller/admin/admin.go:236.3,239.19 2 1
capstone/be/delivery/controller/admin/admin.go:244.3,244.39 1 1
capstone/be/delivery/controller/admin/admin.go:248.3,250.44 2 1
capstone/be/delivery/controller/admin/admin.go:254.3,262.41 4 1
capstone/be/delivery/controller/admin/admin.go:267.3,267.21 1 1
capstone/be/delivery/controller/admin/admin.go:271.3,273.47 2 1
capstone/be/delivery/controller/admin/admin.go:276.3,279.17 3 1
capstone/be/delivery/controller/admin/admin.go:284.3,284.86 1 1
capstone/be/delivery/controller/admin/admin.go:205.24,207.4 1 1
capstone/be/delivery/controller/admin/admin.go:212.14,214.4 1 1
capstone/be/delivery/controller/admin/admin.go:218.17,220.4 1 1
capstone/be/delivery/controller/admin/admin.go:225.15,227.4 1 1
capstone/be/delivery/controller/admin/admin.go:231.17,233.4 1 1
capstone/be/delivery/controller/admin/admin.go:239.19,241.4 1 1
capstone/be/delivery/controller/admin/admin.go:244.39,246.4 1 0
capstone/be/delivery/controller/admin/admin.go:250.44,252.4 1 1
capstone/be/delivery/controller/admin/admin.go:262.41,264.4 1 0
capstone/be/delivery/controller/admin/admin.go:267.21,269.4 1 1
capstone/be/delivery/controller/admin/admin.go:273.47,275.4 1 1
capstone/be/delivery/controller/admin/admin.go:279.17,282.4 2 1
capstone/be/delivery/controller/asset/asset.go:27.51,29.2 1 1
capstone/be/delivery/controller/asset/asset.go:31.53,32.36 1 1
capstone/be/delivery/controller/asset/asset.go:32.36,34.65 1 1
capstone/be/delivery/controller/asset/asset.go:38.3,41.44 2 1
capstone/be/delivery/controller/asset/asset.go:46.3,53.27 5 1
capstone/be/delivery/controller/asset/asset.go:66.3,66.30 1 1
capstone/be/delivery/controller/asset/asset.go:71.3,79.17 5 1
capstone/be/delivery/controller/asset/asset.go:83.3,88.33 4 1
capstone/be/delivery/controller/asset/asset.go:95.3,98.14 2 1
capstone/be/delivery/controller/asset/asset.go:123.3,123.44 1 1
capstone/be/delivery/controller/asset/asset.go:135.3,135.62 1 1
capstone/be/delivery/controller/asset/asset.go:34.65,36.4 1 1
capstone/be/delivery/controller/asset/asset.go:41.44,43.4 1 1
capstone/be/delivery/controller/asset/asset.go:53.27,55.15 1 1
capstone/be/delivery/controller/asset/asset.go:60.4,60.54 1 1
capstone/be/delivery/controller/asset/asset.go:55.15,57.5 1 1
capstone/be/delivery/controller/asset/asset.go:60.54,62.5 1 1
capstone/be/delivery/controller/asset/asset.go:66.30,68.4 1 1
capstone/be/delivery/controller/asset/asset.go:79.17,81.4 1 1
capstone/be/delivery/controller/asset/asset.go:88.33,90.4 1 0
capstone/be/delivery/controller/asset/asset.go:90.9,92.4 1 1
capstone/be/delivery/controller/asset/asset.go:99.12,107.18 4 0
capstone/be/delivery/controller/asset/asset.go:111.4,111.33 1 0
capstone/be/delivery/controller/asset/asset.go:112.28,114.47 2 0
capstone/be/delivery/controller/asset/asset.go:115.29,117.47 2 1
capstone/be/delivery/controller/asset/asset.go:118.11,120.113 2 0
capstone/be/delivery/controller/asset/asset.go:107.18,109.5 1 0
capstone/be/delivery/controller/asset/asset.go:123.44,130.18 3 1
capstone/be/delivery/controller/asset/asset.go:130.18,132.5 1 0
capstone/be/delivery/controller/asset/asset.go:139.53,140.36 1 1
capstone/be/delivery/controller/asset/asset.go:140.36,144.21 2 1
capstone/be/delivery/controller/asset/asset.go:165.3,168.17 2 1
capstone/be/delivery/controller/asset/asset.go:172.3,172.69 1 1
capstone/be/delivery/controller/asset/asset.go:144.21,149.18 2 0
capstone/be/delivery/controller/asset/asset.go:154.4,157.18 2 0
capstone/be/delivery/controller/asset/asset.go:161.4,161.70 1 0
capstone/be/delivery/controller/asset/asset.go:149.18,151.5 1 0
capstone/be/delivery/controller/asset/asset.go:157.18,159.5 1 0
capstone/be/delivery/controller/asset/asset.go:168.17,170.4 1 1
capstone/be/delivery/controller/asset/asset.go:176.61,177.36 1 1
capstone/be/delivery/controller/asset/asset.go:177.36,184.17 3 1
capstone/be/delivery/controller/asset/asset.go:188.3,188.90 1 1
capstone/be/delivery/controller/asset/asset.go:184.17,186.4 1 1
capstone/be/delivery/controller/asset/asset.go:192.53,193.36 1 1
capstone/be/delivery/controller/asset/asset.go:193.36,196.65 2 1
capstone/be/delivery/controller/asset/asset.go:200.3,203.45 2 1
capstone/be/delivery/controller/asset/asset.go:208.3,208.34 1 1
capstone/be/delivery/controller/asset/asset.go:221.3,224.17 2 0
capstone/be/delivery/controller/asset/asset.go:228.3,228.62 1 0
capstone/be/delivery/controller/asset/asset.go:196.65,198.4 1 1
capstone/be/delivery/controller/asset/asset.go:203.45,206.4 2 1
capstone/be/delivery/controller/asset/asset.go:208.34,213.18 2 1
capstone/be/delivery/controller/asset/asset.go:217.4,217.63 1 1
capstone/be/delivery/controller/asset/asset.go:213.18,215.5 1 1
capstone/be/delivery/controller/asset/asset.go:224.17,226.4 1 0
capstone/be/delivery/controller/asset/asset.go:232.55,233.36 1 1
capstone/be/delivery/controller/asset/asset.go:233.36,238.17 2 1
capstone/be/delivery/controller/asset/asset.go:242.3,242.69 1 1
capstone/be/delivery/controller/asset/asset.go:238.17,240.4 1 1
capstone/be/delivery/controller/history/history.go:18.59,20.2 1 1
capstone/be/delivery/controller/history/history.go:22.75,23.36 1 1
capstone/be/delivery/controller/history/history.go:23.36,27.17 2 1
capstone/be/delivery/controller/history/history.go:32.3,32.85 1 1
capstone/be/delivery/controller/history/history.go:37.3,38.14 2 1
capstone/be/delivery/controller/history/history.go:42.3,45.17 2 1
capstone/be/delivery/controller/history/history.go:50.3,53.17 2 1
capstone/be/delivery/controller/history/history.go:57.3,57.93 1 1
capstone/be/delivery/controller/history/history.go:27.17,29.4 1 0
capstone/be/delivery/controller/history/history.go:32.85,34.4 1 1
capstone/be/delivery/controller/history/history.go:38.14,40.4 1 1
capstone/be/delivery/controller/history/history.go:45.17,47.4 1 0
capstone/be/delivery/controller/history/history.go:53.17,55.4 1 1
capstone/be/delivery/controller/history/history.go:61.83,62.36 1 1
capstone/be/delivery/controller/history/history.go:62.36,66.17 2 1
capstone/be/delivery/controller/history/history.go:71.3,71.85 1 1
capstone/be/delivery/controller/history/history.go:75.3,78.17 2 1
capstone/be/delivery/controller/history/history.go:83.3,86.17 2 1
capstone/be/delivery/controller/history/history.go:90.3,90.84 1 1
capstone/be/delivery/controller/history/history.go:66.17,68.4 1 1
capstone/be/delivery/controller/history/history.go:71.85,73.4 1 1
capstone/be/delivery/controller/history/history.go:78.17,80.4 1 1
capstone/be/delivery/controller/history/history.go:86.17,88.4 1 1
capstone/be/delivery/controller/history/history.go:94.74,95.36 1 1
capstone/be/delivery/controller/history/history.go:95.36,102.17 3 1
capstone/be/delivery/controller/history/history.go:106.3,106.80 1 1
capstone/be/delivery/controller/history/history.go:102.17,104.4 1 1
capstone/be/delivery/controller/request/request.go:22.59,24.2 1 1
capstone/be/delivery/controller/request/request.go:26.55,27.36 1 1
capstone/be/delivery/controller/request/request.go:27.36,31.41 2 1
capstone/be/delivery/controller/request/request.go:36.3,41.22 3 1
capstone/be/delivery/controller/request/request.go:46.3,48.27 2 1
capstone/be/delivery/controller/request/request.go:56.3,63.15 5 1
capstone/be/delivery/controller/request/request.go:31.41,33.4 1 1
capstone/be/delivery/controller/request/request.go:41.22,43.4 1 1
capstone/be/delivery/controller/request/request.go:48.27,50.54 1 1
capstone/be/delivery/controller/request/request.go:50.54,52.5 1 0
capstone/be/delivery/controller/request/request.go:64.24,66.42 1 1
capstone/be/delivery/controller/request/request.go:70.4,78.18 5 1
capstone/be/delivery/controller/request/request.go:82.4,82.97 1 1
capstone/be/delivery/controller/request/request.go:83.19,91.62 5 1
capstone/be/delivery/controller/request/request.go:95.4,95.97 1 1
capstone/be/delivery/controller/request/request.go:96.11,97.127 1 1
capstone/be/delivery/controller/request/request.go:66.42,68.5 1 1
capstone/be/delivery/controller/request/request.go:78.18,80.5 1 1
capstone/be/delivery/controller/request/request.go:91.62,93.5 1 1
capstone/be/delivery/controller/request/request.go:102.56,103.36 1 1
capstone/be/delivery/controller/request/request.go:103.36,105.63 1 1
capstone/be/delivery/controller/request/request.go:109.3,112.41 2 1
capstone/be/delivery/controller/request/request.go:117.3,123.27 4 1
capstone/be/delivery/controller/request/request.go:136.3,146.14 7 1
capstone/be/delivery/controller/request/request.go:168.3,176.17 5 1
capstone/be/delivery/controller/request/request.go:180.3,180.96 1 1
capstone/be/delivery/controller/request/request.go:105.63,107.4 1 1
capstone/be/delivery/controller/request/request.go:112.41,114.4 1 1
capstone/be/delivery/controller/request/request.go:123.27,125.15 1 1
capstone/be/delivery/controller/request/request.go:130.4,130.54 1 1
capstone/be/delivery/controller/request/request.go:125.15,127.5 1 1
capstone/be/delivery/controller/request/request.go:130.54,132.5 1 0
capstone/be/delivery/controller/request/request.go:147.12,154.18 3 0
capstone/be/delivery/controller/request/request.go:158.4,158.25 1 0
capstone/be/delivery/controller/request/request.go:159.28,160.39 1 0
capstone/be/delivery/controller/request/request.go:161.29,162.39 1 1
capstone/be/delivery/controller/request/request.go:163.11,165.113 2 0
capstone/be/delivery/controller/request/request.go:154.18,156.5 1 0
capstone/be/delivery/controller/request/request.go:176.17,178.4 1 1
capstone/be/delivery/controller/request/request.go:184.62,185.36 1 1
capstone/be/delivery/controller/request/request.go:185.36,187.25 2 1
capstone/be/delivery/controller/request/request.go:191.3,193.17 2 1
capstone/be/delivery/controller/request/request.go:198.3,200.17 2 1
capstone/be/delivery/controller/request/request.go:203.3,203.74 1 1
capstone/be/delivery/controller/request/request.go:187.25,189.4 1 1
capstone/be/delivery/controller/request/request.go:193.17,195.4 1 1
capstone/be/delivery/controller/request/request.go:200.17,202.4 1 1
capstone/be/delivery/controller/request/request.go:207.63,208.36 1 1
capstone/be/delivery/controller/request/request.go:208.36,210.25 2 1
capstone/be/delivery/controller/request/request.go:214.3,216.17 2 1
capstone/be/delivery/controller/request/request.go:221.3,223.17 2 1
capstone/be/delivery/controller/request/request.go:226.3,226.75 1 1
capstone/be/delivery/controller/request/request.go:210.25,212.4 1 1
capstone/be/delivery/controller/request/request.go:216.17,218.4 1 1
capstone/be/delivery/controller/request/request.go:223.17,225.4 1 1
capstone/be/delivery/controller/request/request.go:230.61,231.36 1 1
capstone/be/delivery/controller/request/request.go:231.36,235.17 2 1
capstone/be/delivery/controller/request/request.go:240.3,242.17 2 1
capstone/be/delivery/controller/request/request.go:246.3,249.44 2 1
capstone/be/delivery/controller/request/request.go:254.3,257.15 3 1
capstone/be/delivery/controller/request/request.go:235.17,237.4 1 1
capstone/be/delivery/controller/request/request.go:242.17,244.4 1 1
capstone/be/delivery/controller/request/request.go:249.44,251.4 1 1
capstone/be/delivery/controller/request/request.go:258.18,266.18 2 1
capstone/be/delivery/controller/request/request.go:271.4,273.18 2 1
capstone/be/delivery/controller/request/request.go:278.4,278.27 1 1
capstone/be/delivery/controller/request/request.go:283.4,283.57 1 1
capstone/be/delivery/controller/request/request.go:288.4,288.26 1 1
capstone/be/delivery/controller/request/request.go:295.4,298.18 2 1
capstone/be/delivery/controller/request/request.go:302.4,302.97 1 1
capstone/be/delivery/controller/request/request.go:303.24,309.98 1 1
capstone/be/delivery/controller/request/request.go:314.4,314.47 1 1
capstone/be/delivery/controller/request/request.go:329.4,332.18 2 1
capstone/be/delivery/controller/request/request.go:336.4,336.97 1 1
capstone/be/delivery/controller/request/request.go:338.11,340.125 1 1
capstone/be/delivery/controller/request/request.go:266.18,268.5 1 0
capstone/be/delivery/controller/request/request.go:273.18,275.5 1 0
capstone/be/delivery/controller/request/request.go:278.27,280.5 1 0
capstone/be/delivery/controller/request/request.go:283.57,285.5 1 0
capstone/be/delivery/controller/request/request.go:288.26,290.5 1 1
capstone/be/delivery/controller/request/request.go:290.10,292.5 1 1
capstone/be/delivery/controller/request/request.go:298.18,300.5 1 0
capstone/be/delivery/controller/request/request.go:309.98,311.5 1 0
capstone/be/delivery/controller/request/request.go:314.47,315.27 1 0
capstone/be/delivery/controller/request/request.go:315.27,317.6 1 0
capstone/be/delivery/controller/request/request.go:317.11,319.6 1 0
capstone/be/delivery/controller/request/request.go:320.10,320.62 1 1
capstone/be/delivery/controller/request/request.go:320.62,321.27 1 1
capstone/be/delivery/controller/request/request.go:321.27,323.6 1 1
capstone/be/delivery/controller/request/request.go:323.11,325.6 1 1
capstone/be/delivery/controller/request/request.go:332.18,334.5 1 0
capstone/be/delivery/controller/request/request.go:345.62,346.36 1 1
capstone/be/delivery/controller/request/request.go:346.36,350.17 2 1
capstone/be/delivery/controller/request/request.go:355.3,355.57 1 1
capstone/be/delivery/controller/request/request.go:359.3,362.44 2 1
capstone/be/delivery/controller/request/request.go:367.3,369.17 2 1
capstone/be/delivery/controller/request/request.go:374.3,374.56 1 1
capstone/be/delivery/controller/request/request.go:379.3,379.25 1 1
capstone/be/delivery/controller/request/request.go:386.3,389.17 2 1
capstone/be/delivery/controller/request/request.go:393.3,393.96 1 1
capstone/be/delivery/controller/request/request.go:350.17,352.4 1 1
capstone/be/delivery/controller/request/request.go:355.57,357.4 1 1
capstone/be/delivery/controller/request/request.go:362.44,364.4 1 1
capstone/be/delivery/controller/request/request.go:369.17,371.4 1 1
capstone/be/delivery/controller/request/request.go:374.56,376.4 1 1
capstone/be/delivery/controller/request/request.go:379.25,381.4 1 1
capstone/be/delivery/controller/request/request.go:381.9,383.4 1 0
capstone/be/delivery/controller/request/request.go:389.17,391.4 1 0
capstone/be/delivery/controller/request/request.go:397.60,398.36 1 1
capstone/be/delivery/controller/request/request.go:398.36,402.17 2 1
capstone/be/delivery/controller/request/request.go:407.3,407.63 1 1
capstone/be/delivery/controller/request/request.go:411.3,414.38 2 1
capstone/be/delivery/controller/request/request.go:419.3,421.17 2 1
capstone/be/delivery/controller/request/request.go:426.3,426.76 1 1
capstone/be/delivery/controller/request/request.go:445.3,445.95 1 1
capstone/be/delivery/controller/request/request.go:402.17,404.4 1 1
capstone/be/delivery/controller/request/request.go:407.63,409.4 1 1
capstone/be/delivery/controller/request/request.go:414.38,416.4 1 1
capstone/be/delivery/controller/request/request.go:421.17,423.4 1 1
capstone/be/delivery/controller/request/request.go:426.76,428.24 1 1
capstone/be/delivery/controller/request/request.go:435.4,438.18 2 1
capstone/be/delivery/controller/request/request.go:428.24,430.5 1 1
capstone/be/delivery/controller/request/request.go:430.10,432.5 1 1
capstone/be/delivery/controller/request/request.go:438.18,440.5 1 0
capstone/be/delivery/controller/request/request.go:441.9,443.4 1 0
capstone/be/delivery/controller/user/user.go:23.47,25.2 1 1
capstone/be/delivery/controller/user/user.go:27.51,28.36 1 1
capstone/be/delivery/controller/user/user.go:28.36,32.44 2 1
capstone/be/delivery/controller/user/user.go:37.3,43.27 4 1
capstone/be/delivery/controller/user/user.go:55.3,58.58 2 1
capstone/be/delivery/controller/user/user.go:83.3,83.101 1 1
capstone/be/delivery/controller/user/user.go:88.3,91.17 2 1
capstone/be/delivery/controller/user/user.go:95.3,95.80 1 1
capstone/be/delivery/controller/user/user.go:32.44,34.4 1 1
capstone/be/delivery/controller/user/user.go:43.27,45.15 1 1
capstone/be/delivery/controller/user/user.go:50.4,50.54 1 1
capstone/be/delivery/controller/user/user.go:45.15,47.5 1 1
capstone/be/delivery/controller/user/user.go:50.54,52.5 1 1
capstone/be/delivery/controller/user/user.go:58.58,63.18 2 1
capstone/be/delivery/controller/user/user.go:67.4,67.21 1 1
capstone/be/delivery/controller/user/user.go:63.18,65.5 1 1
capstone/be/delivery/controller/user/user.go:68.9,68.64 1 1
capstone/be/delivery/controller/user/user.go:68.64,73.18 2 1
capstone/be/delivery/controller/user/user.go:77.4,77.21 1 1
capstone/be/delivery/controller/user/user.go:73.18,75.5 1 1
capstone/be/delivery/controller/user/user.go:78.9,80.4 1 1
capstone/be/delivery/controller/user/user.go:83.101,85.4 1 0
capstone/be/delivery/controller/user/user.go:91.17,93.4 1 0
capstone/be/delivery/controller/user/user.go:99.52,100.36 1 1
capstone/be/delivery/controller/user/user.go:100.36,102.49 1 1
capstone/be/delivery/controller/user/user.go:107.3,110.17 2 1
capstone/be/delivery/controller/user/user.go:114.3,116.67 2 1
capstone/be/delivery/controller/user/user.go:102.49,104.4 1 0
capstone/be/delivery/controller/user/user.go:110.17,112.4 1 1
capstone/be/delivery/controller/user/user.go:120.53,121.36 1 1
capstone/be/delivery/controller/user/user.go:121.36,125.17 2 1
capstone/be/delivery/controller/user/user.go:130.3,130.34 1 1
capstone/be/delivery/controller/user/user.go:135.3,138.17 2 1
capstone/be/delivery/controller/user/user.go:142.3,142.66 1 1
capstone/be/delivery/controller/user/user.go:125.17,127.4 1 1
capstone/be/delivery/controller/user/user.go:130.34,132.4 1 1
capstone/be/delivery/controller/user/user.go:138.17,140.4 1 1
capstone/be/delivery/controller/user/user.go:146.52,147.36 1 1
capstone/be/delivery/controller/user/user.go:147.36,151.17 2 1
capstone/be/delivery/controller/user/user.go:156.3,156.34 1 1
capstone/be/delivery/controller/user/user.go:160.3,163.43 2 1
capstone/be/delivery/controller/user/user.go:168.3,180.17 9 1
capstone/be/delivery/controller/user/user.go:185.3,185.21 1 1
capstone/be/delivery/controller/user/user.go:195.3,195.17 1 1
capstone/be/delivery/controller/user/user.go:205.3,205.18 1 1
capstone/be/delivery/controller/user/user.go:220.3,220.18 1 1
capstone/be/delivery/controller/user/user.go:235.3,235.21 1 1
capstone/be/delivery/controller/user/user.go:258.3,258.19 1 1
capstone/be/delivery/controller/user/user.go:268.3,268.20 1 1
capstone/be/delivery/controller/user/user.go:278.3,281.14 2 1
capstone/be/delivery/controller/user/user.go:315.3,321.17 3 1
capstone/be/delivery/controller/user/user.go:325.3,325.72 1 1
capstone/be/delivery/controller/user/user.go:151.17,153.4 1 1
capstone/be/delivery/controller/user/user.go:156.34,158.4 1 0
capstone/be/delivery/controller/user/user.go:163.43,165.4 1 1
capstone/be/delivery/controller/user/user.go:180.17,182.4 1 1
capstone/be/delivery/controller/user/user.go:185.21,187.61 1 1
capstone/be/delivery/controller/user/user.go:191.4,191.38 1 1
capstone/be/delivery/controller/user/user.go:187.61,189.5 1 1
capstone/be/delivery/controller/user/user.go:195.17,197.57 1 1
capstone/be/delivery/controller/user/user.go:201.4,201.30 1 1
capstone/be/delivery/controller/user/user.go:197.57,199.5 1 1
capstone/be/delivery/controller/user/user.go:205.18,207.58 1 1
capstone/be/delivery/controller/user/user.go:212.4,212.59 1 1
capstone/be/delivery/controller/user/user.go:216.4,216.32 1 1
capstone/be/delivery/controller/user/user.go:207.58,209.5 1 1
capstone/be/delivery/controller/user/user.go:212.59,214.5 1 1
capstone/be/delivery/controller/user/user.go:220.18,222.58 1 1
capstone/be/delivery/controller/user/user.go:227.4,227.59 1 1
capstone/be/delivery/controller/user/user.go:231.4,231.32 1 1
capstone/be/delivery/controller/user/user.go:222.58,224.5 1 1
capstone/be/delivery/controller/user/user.go:227.59,229.5 1 1
capstone/be/delivery/controller/user/user.go:235.21,237.61 1 1
capstone/be/delivery/controller/user/user.go:242.4,242.65 1 1
capstone/be/delivery/controller/user/user.go:247.4,250.18 2 1
capstone/be/delivery/controller/user/user.go:254.4,254.52 1 1
capstone/be/delivery/controller/user/user.go:237.61,239.5 1 1
capstone/be/delivery/controller/user/user.go:242.65,244.5 1 1
capstone/be/delivery/controller/user/user.go:250.18,252.5 1 0
capstone/be/delivery/controller/user/user.go:258.19,260.59 1 1
capstone/be/delivery/controller/user/user.go:264.4,264.34 1 1
capstone/be/delivery/controller/user/user.go:260.59,262.5 1 1
capstone/be/delivery/controller/user/user.go:268.20,270.60 1 1
capstone/be/delivery/controller/user/user.go:274.4,274.36 1 0
capstone/be/delivery/controller/user/user.go:270.60,272.5 1 1
capstone/be/delivery/controller/user/user.go:282.12,289.18 3 0
capstone/be/delivery/controller/user/user.go:294.4,296.40 2 0
capstone/be/delivery/controller/user/user.go:303.4,303.34 1 0
capstone/be/delivery/controller/user/user.go:304.28,306.34 2 0
capstone/be/delivery/controller/user/user.go:307.29,309.34 2 1
capstone/be/delivery/controller/user/user.go:310.11,312.114 2 0
capstone/be/delivery/controller/user/user.go:289.18,291.5 1 0
capstone/be/delivery/controller/user/user.go:296.40,298.56 1 0
capstone/be/delivery/controller/user/user.go:298.56,300.6 1 0
capstone/be/delivery/controller/user/user.go:321.17,323.4 1 0
